Build started 4/30/2018 9:11:56 PM.
     1>Project "C:\Users\anthony.arroyo\Documents\Visual Studio 2013\Projects\ConsoleApplication9\ConsoleApplication9\ConsoleApplication9.vcxproj" on node 2 (Build target(s)).
     1>Link:
         C:\Program Files (x86)\Microsoft Visual Studio 12.0\VC\bin\link.exe /ERRORREPORT:PROMPT /OUT:"C:\Users\anthony.arroyo\Documents\Visual Studio 2013\Projects\ConsoleApplication9\Debug\ConsoleApplication9.exe" /INCREMENTAL /NOLOGO kernel32.lib user32.lib gdi32.lib winspool.lib comdlg32.lib advapi32.lib shell32.lib ole32.lib oleaut32.lib uuid.lib odbc32.lib odbccp32.lib /MANIFEST /MANIFESTUAC:"level='asInvoker' uiAccess='false'" /manifest:embed /DEBUG /PDB:"C:\Users\anthony.arroyo\Documents\Visual Studio 2013\Projects\ConsoleApplication9\Debug\ConsoleApplication9.pdb" /SUBSYSTEM:CONSOLE /TLBID:1 /DYNAMICBASE /NXCOMPAT /IMPLIB:"C:\Users\anthony.arroyo\Documents\Visual Studio 2013\Projects\ConsoleApplication9\Debug\ConsoleApplication9.lib" /MACHINE:X86 Debug\Contacc.obj
         Debug\Databass.obj
     1>Databass.obj : error LNK2019: unresolved external symbol "class std::basic_ostream<char,struct std::char_traits<char> > & __cdecl operator<<(class std::basic_ostream<char,struct std::char_traits<char> > &,class Confidant const &)" (??6@YAAAV?$basic_ostream@DU?$char_traits@D@std@@@std@@AAV01@ABVConfidant@@@Z) referenced in function _main
     1>C:\Users\anthony.arroyo\Documents\Visual Studio 2013\Projects\ConsoleApplication9\Debug\ConsoleApplication9.exe : fatal error LNK1120: 1 unresolved externals
     1>Done Building Project "C:\Users\anthony.arroyo\Documents\Visual Studio 2013\Projects\ConsoleApplication9\ConsoleApplication9\ConsoleApplication9.vcxproj" (Build target(s)) -- FAILED.

Build FAILED.

Time Elapsed 00:00:00.25
