Build started 4/25/2018 8:50:27 PM.
     1>Project "C:\Users\anthony.arroyo\Documents\Visual Studio 2013\Projects\ConsoleApplication8\ConsoleApplication8\ConsoleApplication8.vcxproj" on node 2 (ClCompile target(s)).
     1>ClCompile:
         C:\Program Files (x86)\Microsoft Visual Studio 12.0\VC\bin\CL.exe /c /ZI /nologo /W3 /WX- /sdl /Od /Oy- /D WIN32 /D _DEBUG /D _CONSOLE /D _LIB /D _UNICODE /D UNICODE /Gm /EHsc /RTC1 /MDd /GS /fp:precise /Zc:wchar_t /Zc:forScope /Fo"Debug\\" /Fd"Debug\vc120.pdb" /Gd /TP /analyze- /errorReport:prompt Contact.cpp
         Contact.cpp
     1>c:\users\anthony.arroyo\documents\visual studio 2013\projects\consoleapplication8\consoleapplication8\contact.h(8): error C4430: missing type specifier - int assumed. Note: C++ does not support default-int
     1>c:\users\anthony.arroyo\documents\visual studio 2013\projects\consoleapplication8\consoleapplication8\contact.cpp(8): error C2511: 'Confidant::Confidant(void)' : overloaded member function not found in 'Confidant'
                 c:\users\anthony.arroyo\documents\visual studio 2013\projects\consoleapplication8\consoleapplication8\contact.h(5) : see declaration of 'Confidant'
     1>Done Building Project "C:\Users\anthony.arroyo\Documents\Visual Studio 2013\Projects\ConsoleApplication8\ConsoleApplication8\ConsoleApplication8.vcxproj" (ClCompile target(s)) -- FAILED.

Build FAILED.

Time Elapsed 00:00:00.31
