Build started 4/9/2018 8:03:21 PM.
     1>Project "C:\Users\anthony.arroyo\Documents\Visual Studio 2013\Projects\ConsoleApplication7\ConsoleApplication7\ConsoleApplication7.vcxproj" on node 2 (ClCompile target(s)).
     1>ClCompile:
         C:\Program Files (x86)\Microsoft Visual Studio 12.0\VC\bin\CL.exe /c /ZI /nologo /W3 /WX- /sdl /Od /Oy- /D WIN32 /D _DEBUG /D _CONSOLE /D _LIB /D _UNICODE /D UNICODE /Gm /EHsc /RTC1 /MDd /GS /fp:precise /Zc:wchar_t /Zc:forScope /Fo"Debug\\" /Fd"Debug\vc120.pdb" /Gd /TP /analyze- /errorReport:prompt Source.cpp
         Source.cpp
     1>c:\program files (x86)\microsoft visual studio 12.0\vc\include\xutility(371): error C2039: 'iterator_category' : is not a member of 'point'
                 c:\users\anthony.arroyo\documents\visual studio 2013\projects\consoleapplication7\consoleapplication7\newpoint.h(38) : see declaration of 'point'
                 c:\users\anthony.arroyo\documents\visual studio 2013\projects\consoleapplication7\consoleapplication7\source.cpp(47) : see reference to class template instantiation 'std::iterator_traits<point>' being compiled
     1>c:\program files (x86)\microsoft visual studio 12.0\vc\include\xutility(371): error C2146: syntax error : missing ';' before identifier 'iterator_category'
     1>c:\program files (x86)\microsoft visual studio 12.0\vc\include\xutility(371): error C4430: missing type specifier - int assumed. Note: C++ does not support default-int
     1>c:\program files (x86)\microsoft visual studio 12.0\vc\include\xutility(371): error C2602: 'std::iterator_traits<point>::iterator_category' is not a member of a base class of 'std::iterator_traits<point>'
                 c:\program files (x86)\microsoft visual studio 12.0\vc\include\xutility(371) : see declaration of 'std::iterator_traits<point>::iterator_category'
     1>c:\program files (x86)\microsoft visual studio 12.0\vc\include\xutility(371): error C2868: 'std::iterator_traits<point>::iterator_category' : illegal syntax for using-declaration; expected qualified-name
     1>c:\program files (x86)\microsoft visual studio 12.0\vc\include\xutility(372): error C2039: 'value_type' : is not a member of 'point'
                 c:\users\anthony.arroyo\documents\visual studio 2013\projects\consoleapplication7\consoleapplication7\newpoint.h(38) : see declaration of 'point'
     1>c:\program files (x86)\microsoft visual studio 12.0\vc\include\xutility(372): error C2146: syntax error : missing ';' before identifier 'value_type'
     1>c:\program files (x86)\microsoft visual studio 12.0\vc\include\xutility(372): error C4430: missing type specifier - int assumed. Note: C++ does not support default-int
     1>c:\program files (x86)\microsoft visual studio 12.0\vc\include\xutility(372): error C2602: 'std::iterator_traits<point>::value_type' is not a member of a base class of 'std::iterator_traits<point>'
                 c:\program files (x86)\microsoft visual studio 12.0\vc\include\xutility(372) : see declaration of 'std::iterator_traits<point>::value_type'
     1>c:\program files (x86)\microsoft visual studio 12.0\vc\include\xutility(372): error C2868: 'std::iterator_traits<point>::value_type' : illegal syntax for using-declaration; expected qualified-name
     1>c:\program files (x86)\microsoft visual studio 12.0\vc\include\xutility(373): error C2039: 'difference_type' : is not a member of 'point'
                 c:\users\anthony.arroyo\documents\visual studio 2013\projects\consoleapplication7\consoleapplication7\newpoint.h(38) : see declaration of 'point'
     1>c:\program files (x86)\microsoft visual studio 12.0\vc\include\xutility(373): error C2146: syntax error : missing ';' before identifier 'difference_type'
     1>c:\program files (x86)\microsoft visual studio 12.0\vc\include\xutility(373): error C4430: missing type specifier - int assumed. Note: C++ does not support default-int
     1>c:\program files (x86)\microsoft visual studio 12.0\vc\include\xutility(373): error C2602: 'std::iterator_traits<point>::difference_type' is not a member of a base class of 'std::iterator_traits<point>'
                 c:\program files (x86)\microsoft visual studio 12.0\vc\include\xutility(373) : see declaration of 'std::iterator_traits<point>::difference_type'
     1>c:\program files (x86)\microsoft visual studio 12.0\vc\include\xutility(373): error C2868: 'std::iterator_traits<point>::difference_type' : illegal syntax for using-declaration; expected qualified-name
     1>c:\program files (x86)\microsoft visual studio 12.0\vc\include\xutility(375): error C2039: 'pointer' : is not a member of 'point'
                 c:\users\anthony.arroyo\documents\visual studio 2013\projects\consoleapplication7\consoleapplication7\newpoint.h(38) : see declaration of 'point'
     1>c:\program files (x86)\microsoft visual studio 12.0\vc\include\xutility(375): error C2146: syntax error : missing ';' before identifier 'pointer'
     1>c:\program files (x86)\microsoft visual studio 12.0\vc\include\xutility(375): error C4430: missing type specifier - int assumed. Note: C++ does not support default-int
     1>c:\program files (x86)\microsoft visual studio 12.0\vc\include\xutility(375): error C2602: 'std::iterator_traits<point>::pointer' is not a member of a base class of 'std::iterator_traits<point>'
                 c:\program files (x86)\microsoft visual studio 12.0\vc\include\xutility(375) : see declaration of 'std::iterator_traits<point>::pointer'
     1>c:\program files (x86)\microsoft visual studio 12.0\vc\include\xutility(375): error C2868: 'std::iterator_traits<point>::pointer' : illegal syntax for using-declaration; expected qualified-name
     1>c:\program files (x86)\microsoft visual studio 12.0\vc\include\xutility(376): error C2039: 'reference' : is not a member of 'point'
                 c:\users\anthony.arroyo\documents\visual studio 2013\projects\consoleapplication7\consoleapplication7\newpoint.h(38) : see declaration of 'point'
     1>c:\program files (x86)\microsoft visual studio 12.0\vc\include\xutility(376): error C2146: syntax error : missing ';' before identifier 'reference'
     1>c:\program files (x86)\microsoft visual studio 12.0\vc\include\xutility(376): error C4430: missing type specifier - int assumed. Note: C++ does not support default-int
     1>c:\program files (x86)\microsoft visual studio 12.0\vc\include\xutility(376): error C2602: 'std::iterator_traits<point>::reference' is not a member of a base class of 'std::iterator_traits<point>'
                 c:\program files (x86)\microsoft visual studio 12.0\vc\include\xutility(376) : see declaration of 'std::iterator_traits<point>::reference'
     1>c:\program files (x86)\microsoft visual studio 12.0\vc\include\xutility(376): error C2868: 'std::iterator_traits<point>::reference' : illegal syntax for using-declaration; expected qualified-name
     1>Done Building Project "C:\Users\anthony.arroyo\Documents\Visual Studio 2013\Projects\ConsoleApplication7\ConsoleApplication7\ConsoleApplication7.vcxproj" (ClCompile target(s)) -- FAILED.

Build FAILED.

Time Elapsed 00:00:00.29
